[3.623s] Invoking command in '/home/karthik/ros2_ws/build/turtlebot3_example': PYTHONPATH=/home/karthik/ros2_ws/build/turtlebot3_example/prefix_override:/usr/lib/python3/dist-packages/colcon_core/task/python/colcon_distutils_commands:/home/karthik/ros2_ws/install/turtlebot3_example/lib/python3.12/site-packages:${PYTHONPATH} /usr/bin/python3 -W ignore:setup.py install is deprecated -W ignore:easy_install command is deprecated setup.py develop --editable --build-directory /home/karthik/ros2_ws/build/turtlebot3_example/build --no-deps symlink_data
[5.091s] running develop
[5.091s] running egg_info
[5.092s] creating turtlebot3_example.egg-info
[5.092s] writing turtlebot3_example.egg-info/PKG-INFO
[5.092s] writing dependency_links to turtlebot3_example.egg-info/dependency_links.txt
[5.092s] writing entry points to turtlebot3_example.egg-info/entry_points.txt
[5.093s] writing requirements to turtlebot3_example.egg-info/requires.txt
[5.093s] writing top-level names to turtlebot3_example.egg-info/top_level.txt
[5.093s] writing manifest file 'turtlebot3_example.egg-info/SOURCES.txt'
[5.093s] reading manifest file 'turtlebot3_example.egg-info/SOURCES.txt'
[5.093s] writing manifest file 'turtlebot3_example.egg-info/SOURCES.txt'
[5.093s] running build_ext
[5.093s] Creating /home/karthik/ros2_ws/install/turtlebot3_example/lib/python3.12/site-packages/turtlebot3-example.egg-link (link to .)
[5.094s] Installing turtlebot3_absolute_move script to /home/karthik/ros2_ws/install/turtlebot3_example/lib/turtlebot3_example
[5.094s] Installing turtlebot3_interactive_marker script to /home/karthik/ros2_ws/install/turtlebot3_example/lib/turtlebot3_example
[5.094s] Installing turtlebot3_obstacle_detection script to /home/karthik/ros2_ws/install/turtlebot3_example/lib/turtlebot3_example
[5.094s] Installing turtlebot3_patrol_client script to /home/karthik/ros2_ws/install/turtlebot3_example/lib/turtlebot3_example
[5.094s] Installing turtlebot3_patrol_server script to /home/karthik/ros2_ws/install/turtlebot3_example/lib/turtlebot3_example
[5.094s] Installing turtlebot3_relative_move script to /home/karthik/ros2_ws/install/turtlebot3_example/lib/turtlebot3_example
[5.094s] 
[5.094s] Installed /home/karthik/ros2_ws/build/turtlebot3_example
[5.094s] running symlink_data
[5.095s] creating /home/karthik/ros2_ws/install/turtlebot3_example/share/ament_index
[5.095s] creating /home/karthik/ros2_ws/install/turtlebot3_example/share/ament_index/resource_index
[5.095s] creating /home/karthik/ros2_ws/install/turtlebot3_example/share/ament_index/resource_index/packages
[5.095s] symbolically linking /home/karthik/ros2_ws/build/turtlebot3_example/resource/turtlebot3_example -> /home/karthik/ros2_ws/install/turtlebot3_example/share/ament_index/resource_index/packages
[5.095s] symbolically linking /home/karthik/ros2_ws/build/turtlebot3_example/package.xml -> /home/karthik/ros2_ws/install/turtlebot3_example/share/turtlebot3_example
[5.134s] Invoked command in '/home/karthik/ros2_ws/build/turtlebot3_example' returned '0': PYTHONPATH=/home/karthik/ros2_ws/build/turtlebot3_example/prefix_override:/usr/lib/python3/dist-packages/colcon_core/task/python/colcon_distutils_commands:/home/karthik/ros2_ws/install/turtlebot3_example/lib/python3.12/site-packages:${PYTHONPATH} /usr/bin/python3 -W ignore:setup.py install is deprecated -W ignore:easy_install command is deprecated setup.py develop --editable --build-directory /home/karthik/ros2_ws/build/turtlebot3_example/build --no-deps symlink_data
