[0.115s] Invoking command in '/home/karthik/ros2_ws/build/turtlebot3_description': CMAKE_PREFIX_PATH=${CMAKE_PREFIX_PATH}:/opt/ros/jazzy /usr/bin/cmake /home/karthik/ros2_ws/src/turtlebot3/turtlebot3_description -DAMENT_CMAKE_SYMLINK_INSTALL=1 -DCMAKE_INSTALL_PREFIX=/home/karthik/ros2_ws/install/turtlebot3_description
[1.121s] -- The C compiler identification is GNU 13.3.0
[3.337s] -- The CXX compiler identification is GNU 13.3.0
[5.050s] -- Detecting C compiler ABI info
[5.898s] -- Detecting C compiler ABI info - done
[5.915s] -- Check for working C compiler: /usr/bin/cc - skipped
[5.916s] -- Detecting C compile features
[5.916s] -- Detecting C compile features - done
[6.234s] -- Detecting CXX compiler ABI info
[7.109s] -- Detecting CXX compiler ABI info - done
[7.134s] -- Check for working CXX compiler: /usr/bin/c++ - skipped
[7.135s] -- Detecting CXX compile features
[7.136s] -- Detecting CXX compile features - done
[7.145s] -- Found ament_cmake: 2.5.4 (/opt/ros/jazzy/share/ament_cmake/cmake)
[7.538s] -- Found Python3: /usr/bin/python3 (found version "3.12.3") found components: Interpreter 
[7.751s] -- Override CMake install command with custom implementation using symlinks instead of copying resources
[7.895s] -- Found urdf: 2.10.0 (/opt/ros/jazzy/share/urdf/cmake)
[8.450s] -- Found TinyXML2 via Config file: /usr/lib/x86_64-linux-gnu/cmake/tinyxml2
[8.703s] -- Configuring done (8.5s)
[8.715s] -- Generating done (0.0s)
[8.718s] -- Build files have been written to: /home/karthik/ros2_ws/build/turtlebot3_description
[8.739s] Invoked command in '/home/karthik/ros2_ws/build/turtlebot3_description' returned '0': CMAKE_PREFIX_PATH=${CMAKE_PREFIX_PATH}:/opt/ros/jazzy /usr/bin/cmake /home/karthik/ros2_ws/src/turtlebot3/turtlebot3_description -DAMENT_CMAKE_SYMLINK_INSTALL=1 -DCMAKE_INSTALL_PREFIX=/home/karthik/ros2_ws/install/turtlebot3_description
[8.744s] Invoking command in '/home/karthik/ros2_ws/build/turtlebot3_description': CMAKE_PREFIX_PATH=${CMAKE_PREFIX_PATH}:/opt/ros/jazzy /usr/bin/cmake --build /home/karthik/ros2_ws/build/turtlebot3_description -- -j12 -l12
[9.090s] Invoked command in '/home/karthik/ros2_ws/build/turtlebot3_description' returned '0': CMAKE_PREFIX_PATH=${CMAKE_PREFIX_PATH}:/opt/ros/jazzy /usr/bin/cmake --build /home/karthik/ros2_ws/build/turtlebot3_description -- -j12 -l12
[9.090s] Invoking command in '/home/karthik/ros2_ws/build/turtlebot3_description': CMAKE_PREFIX_PATH=${CMAKE_PREFIX_PATH}:/opt/ros/jazzy /usr/bin/cmake --install /home/karthik/ros2_ws/build/turtlebot3_description
[9.109s] -- Install configuration: ""
[9.109s] -- Execute custom install script
[9.110s] -- Symlinking: /home/karthik/ros2_ws/install/turtlebot3_description/share/turtlebot3_description/meshes/bases/burger_base.stl
[9.128s] -- Symlinking: /home/karthik/ros2_ws/install/turtlebot3_description/share/turtlebot3_description/meshes/bases/waffle_base.stl
[9.146s] -- Symlinking: /home/karthik/ros2_ws/install/turtlebot3_description/share/turtlebot3_description/meshes/bases/waffle_pi_base.stl
[9.182s] -- Symlinking: /home/karthik/ros2_ws/install/turtlebot3_description/share/turtlebot3_description/meshes/sensors/astra.dae
[9.205s] -- Symlinking: /home/karthik/ros2_ws/install/turtlebot3_description/share/turtlebot3_description/meshes/sensors/astra.jpg
[9.228s] -- Symlinking: /home/karthik/ros2_ws/install/turtlebot3_description/share/turtlebot3_description/meshes/sensors/lds.stl
[9.253s] -- Symlinking: /home/karthik/ros2_ws/install/turtlebot3_description/share/turtlebot3_description/meshes/sensors/r200.dae
[9.270s] -- Symlinking: /home/karthik/ros2_ws/install/turtlebot3_description/share/turtlebot3_description/meshes/sensors/r200.jpg
[9.290s] -- Symlinking: /home/karthik/ros2_ws/install/turtlebot3_description/share/turtlebot3_description/meshes/wheels/left_tire.stl
[9.313s] -- Symlinking: /home/karthik/ros2_ws/install/turtlebot3_description/share/turtlebot3_description/meshes/wheels/right_tire.stl
[9.342s] -- Symlinking: /home/karthik/ros2_ws/install/turtlebot3_description/share/turtlebot3_description/rviz/model.rviz
[9.365s] -- Symlinking: /home/karthik/ros2_ws/install/turtlebot3_description/share/turtlebot3_description/urdf/common_properties.urdf
[9.391s] -- Symlinking: /home/karthik/ros2_ws/install/turtlebot3_description/share/turtlebot3_description/urdf/turtlebot3_burger.urdf
[9.417s] -- Symlinking: /home/karthik/ros2_ws/install/turtlebot3_description/share/turtlebot3_description/urdf/turtlebot3_waffle.urdf
[9.433s] -- Symlinking: /home/karthik/ros2_ws/install/turtlebot3_description/share/turtlebot3_description/urdf/turtlebot3_waffle_pi.urdf
[9.459s] -- Symlinking: /home/karthik/ros2_ws/install/turtlebot3_description/share/ament_index/resource_index/package_run_dependencies/turtlebot3_description
[9.481s] -- Symlinking: /home/karthik/ros2_ws/install/turtlebot3_description/share/ament_index/resource_index/parent_prefix_path/turtlebot3_description
[9.503s] -- Symlinking: /home/karthik/ros2_ws/install/turtlebot3_description/share/turtlebot3_description/environment/ament_prefix_path.sh
[9.525s] -- Symlinking: /home/karthik/ros2_ws/install/turtlebot3_description/share/turtlebot3_description/environment/ament_prefix_path.dsv
[9.546s] -- Symlinking: /home/karthik/ros2_ws/install/turtlebot3_description/share/turtlebot3_description/environment/path.sh
[9.562s] -- Symlinking: /home/karthik/ros2_ws/install/turtlebot3_description/share/turtlebot3_description/environment/path.dsv
[9.581s] -- Symlinking: /home/karthik/ros2_ws/install/turtlebot3_description/share/turtlebot3_description/local_setup.bash
[9.595s] -- Symlinking: /home/karthik/ros2_ws/install/turtlebot3_description/share/turtlebot3_description/local_setup.sh
[9.613s] -- Symlinking: /home/karthik/ros2_ws/install/turtlebot3_description/share/turtlebot3_description/local_setup.zsh
[9.635s] -- Symlinking: /home/karthik/ros2_ws/install/turtlebot3_description/share/turtlebot3_description/local_setup.dsv
[9.652s] -- Symlinking: /home/karthik/ros2_ws/install/turtlebot3_description/share/turtlebot3_description/package.dsv
[9.677s] -- Symlinking: /home/karthik/ros2_ws/install/turtlebot3_description/share/ament_index/resource_index/packages/turtlebot3_description
[9.696s] -- Symlinking: /home/karthik/ros2_ws/install/turtlebot3_description/share/turtlebot3_description/cmake/turtlebot3_descriptionConfig.cmake
[9.712s] -- Symlinking: /home/karthik/ros2_ws/install/turtlebot3_description/share/turtlebot3_description/cmake/turtlebot3_descriptionConfig-version.cmake
[9.731s] -- Symlinking: /home/karthik/ros2_ws/install/turtlebot3_description/share/turtlebot3_description/package.xml
[9.768s] Invoked command in '/home/karthik/ros2_ws/build/turtlebot3_description' returned '0': CMAKE_PREFIX_PATH=${CMAKE_PREFIX_PATH}:/opt/ros/jazzy /usr/bin/cmake --install /home/karthik/ros2_ws/build/turtlebot3_description
