[3.599s] Invoking command in '/home/karthik/ros2_ws/build/turtlebot3_teleop': PYTHONPATH=/home/karthik/ros2_ws/build/turtlebot3_teleop/prefix_override:/usr/lib/python3/dist-packages/colcon_core/task/python/colcon_distutils_commands:/home/karthik/ros2_ws/install/turtlebot3_teleop/lib/python3.12/site-packages:${PYTHONPATH} /usr/bin/python3 -W ignore:setup.py install is deprecated -W ignore:easy_install command is deprecated setup.py develop --editable --build-directory /home/karthik/ros2_ws/build/turtlebot3_teleop/build --no-deps symlink_data
[5.046s] running develop
[5.047s] running egg_info
[5.047s] creating turtlebot3_teleop.egg-info
[5.047s] writing turtlebot3_teleop.egg-info/PKG-INFO
[5.047s] writing dependency_links to turtlebot3_teleop.egg-info/dependency_links.txt
[5.048s] writing entry points to turtlebot3_teleop.egg-info/entry_points.txt
[5.048s] writing requirements to turtlebot3_teleop.egg-info/requires.txt
[5.048s] writing top-level names to turtlebot3_teleop.egg-info/top_level.txt
[5.048s] writing manifest file 'turtlebot3_teleop.egg-info/SOURCES.txt'
[5.048s] reading manifest file 'turtlebot3_teleop.egg-info/SOURCES.txt'
[5.048s] writing manifest file 'turtlebot3_teleop.egg-info/SOURCES.txt'
[5.048s] running build_ext
[5.049s] Creating /home/karthik/ros2_ws/install/turtlebot3_teleop/lib/python3.12/site-packages/turtlebot3-teleop.egg-link (link to .)
[5.049s] Installing teleop_keyboard script to /home/karthik/ros2_ws/install/turtlebot3_teleop/lib/turtlebot3_teleop
[5.049s] 
[5.049s] Installed /home/karthik/ros2_ws/build/turtlebot3_teleop
[5.050s] running symlink_data
[5.050s] creating /home/karthik/ros2_ws/install/turtlebot3_teleop/share/ament_index
[5.051s] creating /home/karthik/ros2_ws/install/turtlebot3_teleop/share/ament_index/resource_index
[5.051s] creating /home/karthik/ros2_ws/install/turtlebot3_teleop/share/ament_index/resource_index/packages
[5.051s] symbolically linking /home/karthik/ros2_ws/build/turtlebot3_teleop/resource/turtlebot3_teleop -> /home/karthik/ros2_ws/install/turtlebot3_teleop/share/ament_index/resource_index/packages
[5.051s] symbolically linking /home/karthik/ros2_ws/build/turtlebot3_teleop/package.xml -> /home/karthik/ros2_ws/install/turtlebot3_teleop/share/turtlebot3_teleop
[5.078s] Invoked command in '/home/karthik/ros2_ws/build/turtlebot3_teleop' returned '0': PYTHONPATH=/home/karthik/ros2_ws/build/turtlebot3_teleop/prefix_override:/usr/lib/python3/dist-packages/colcon_core/task/python/colcon_distutils_commands:/home/karthik/ros2_ws/install/turtlebot3_teleop/lib/python3.12/site-packages:${PYTHONPATH} /usr/bin/python3 -W ignore:setup.py install is deprecated -W ignore:easy_install command is deprecated setup.py develop --editable --build-directory /home/karthik/ros2_ws/build/turtlebot3_teleop/build --no-deps symlink_data
