[0.824s] Invoking command in '/home/karthik/ros2_ws/build/crop_monitor': PYTHONPATH=/home/karthik/ros2_ws/build/crop_monitor/prefix_override:/usr/lib/python3/dist-packages/colcon_core/task/python/colcon_distutils_commands:/home/karthik/ros2_ws/install/crop_monitor/lib/python3.12/site-packages:${PYTHONPATH} /usr/bin/python3 -W ignore:setup.py install is deprecated -W ignore:easy_install command is deprecated setup.py develop --editable --build-directory /home/karthik/ros2_ws/build/crop_monitor/build --no-deps symlink_data
[1.156s] running develop
[1.321s] running egg_info
[1.321s] creating crop_monitor.egg-info
[1.336s] writing crop_monitor.egg-info/PKG-INFO
[1.336s] writing dependency_links to crop_monitor.egg-info/dependency_links.txt
[1.336s] writing entry points to crop_monitor.egg-info/entry_points.txt
[1.336s] writing requirements to crop_monitor.egg-info/requires.txt
[1.336s] writing top-level names to crop_monitor.egg-info/top_level.txt
[1.337s] writing manifest file 'crop_monitor.egg-info/SOURCES.txt'
[1.367s] reading manifest file 'crop_monitor.egg-info/SOURCES.txt'
[1.368s] writing manifest file 'crop_monitor.egg-info/SOURCES.txt'
[1.387s] running build_ext
[1.387s] Creating /home/karthik/ros2_ws/install/crop_monitor/lib/python3.12/site-packages/crop-monitor.egg-link (link to .)
[1.387s] Installing image_publisher script to /home/karthik/ros2_ws/install/crop_monitor/lib/crop_monitor
[1.388s] Installing monitor_node script to /home/karthik/ros2_ws/install/crop_monitor/lib/crop_monitor
[1.389s] Installing patrol_node script to /home/karthik/ros2_ws/install/crop_monitor/lib/crop_monitor
[1.389s] 
[1.389s] Installed /home/karthik/ros2_ws/build/crop_monitor
[1.389s] running symlink_data
[1.389s] creating /home/karthik/ros2_ws/install/crop_monitor/share/ament_index
[1.390s] creating /home/karthik/ros2_ws/install/crop_monitor/share/ament_index/resource_index
[1.390s] creating /home/karthik/ros2_ws/install/crop_monitor/share/ament_index/resource_index/packages
[1.390s] symbolically linking /home/karthik/ros2_ws/build/crop_monitor/resource/crop_monitor -> /home/karthik/ros2_ws/install/crop_monitor/share/ament_index/resource_index/packages
[1.390s] symbolically linking /home/karthik/ros2_ws/build/crop_monitor/package.xml -> /home/karthik/ros2_ws/install/crop_monitor/share/crop_monitor
[1.390s] creating /home/karthik/ros2_ws/install/crop_monitor/share/crop_monitor/launch
[1.390s] symbolically linking /home/karthik/ros2_ws/build/crop_monitor/launch/monitor.launch.py -> /home/karthik/ros2_ws/install/crop_monitor/share/crop_monitor/launch
[1.439s] Invoked command in '/home/karthik/ros2_ws/build/crop_monitor' returned '0': PYTHONPATH=/home/karthik/ros2_ws/build/crop_monitor/prefix_override:/usr/lib/python3/dist-packages/colcon_core/task/python/colcon_distutils_commands:/home/karthik/ros2_ws/install/crop_monitor/lib/python3.12/site-packages:${PYTHONPATH} /usr/bin/python3 -W ignore:setup.py install is deprecated -W ignore:easy_install command is deprecated setup.py develop --editable --build-directory /home/karthik/ros2_ws/build/crop_monitor/build --no-deps symlink_data
