[0.363s] Invoking command in '/home/karthik/ros2_ws/build/nav2_msgs': AMENT_PREFIX_PATH=/home/karthik/ros2_ws/install/nav2_common:${AMENT_PREFIX_PATH} CMAKE_PREFIX_PATH=/home/karthik/ros2_ws/install/nav2_common:/opt/ros/jazzy/opt/gz_sim_vendor:/opt/ros/jazzy/opt/gz_sensors_vendor:/opt/ros/jazzy/opt/gz_physics_vendor:/opt/ros/jazzy/opt/sdformat_vendor:/opt/ros/jazzy/opt/gz_gui_vendor:/opt/ros/jazzy/opt/gz_transport_vendor:/opt/ros/jazzy/opt/gz_rendering_vendor:/opt/ros/jazzy/opt/gz_plugin_vendor:/opt/ros/jazzy/opt/gz_fuel_tools_vendor:/opt/ros/jazzy/opt/gz_msgs_vendor:/opt/ros/jazzy/opt/gz_common_vendor:/opt/ros/jazzy/opt/gz_math_vendor:/opt/ros/jazzy/opt/gz_utils_vendor:/opt/ros/jazzy/opt/gz_tools_vendor:/opt/ros/jazzy/opt/gz_ogre_next_vendor:/opt/ros/jazzy/opt/gz_dartsim_vendor:/opt/ros/jazzy/opt/gz_cmake_vendor:/opt/ros/jazzy PYTHONPATH=/home/karthik/ros2_ws/install/nav2_common/lib/python3.12/site-packages:${PYTHONPATH} /usr/bin/cmake /home/karthik/ros2_ws/src/navigation2/nav2_msgs -DAMENT_CMAKE_SYMLINK_INSTALL=1 -DCMAKE_INSTALL_PREFIX=/home/karthik/ros2_ws/install/nav2_msgs
[1.640s] -- The C compiler identification is GNU 13.3.0
[2.911s] -- The CXX compiler identification is GNU 13.3.0
[5.227s] -- Detecting C compiler ABI info
[6.298s] -- Detecting C compiler ABI info - done
[6.313s] -- Check for working C compiler: /usr/bin/cc - skipped
[6.314s] -- Detecting C compile features
[6.315s] -- Detecting C compile features - done
[6.704s] -- Detecting CXX compiler ABI info
[7.494s] -- Detecting CXX compiler ABI info - done
[7.513s] -- Check for working CXX compiler: /usr/bin/c++ - skipped
[7.514s] -- Detecting CXX compile features
[7.515s] -- Detecting CXX compile features - done
[7.526s] -- Found ament_cmake: 2.5.4 (/opt/ros/jazzy/share/ament_cmake/cmake)
[7.899s] -- Found Python3: /usr/bin/python3 (found version "3.12.3") found components: Interpreter 
[8.053s] -- Override CMake install command with custom implementation using symlinks instead of copying resources
[8.179s] -- Found nav2_common: 1.1.19 (/home/karthik/ros2_ws/install/nav2_common/share/nav2_common/cmake)
[8.187s] -- Found builtin_interfaces: 2.0.3 (/opt/ros/jazzy/share/builtin_interfaces/cmake)
[8.966s] -- Found rosidl_generator_c: 4.6.6 (/opt/ros/jazzy/share/rosidl_generator_c/cmake)
[8.999s] -- Found rosidl_generator_cpp: 4.6.6 (/opt/ros/jazzy/share/rosidl_generator_cpp/cmake)
[9.055s] -- Using all available rosidl_typesupport_c: rosidl_typesupport_fastrtps_c;rosidl_typesupport_introspection_c
[9.111s] -- Using all available rosidl_typesupport_cpp: rosidl_typesupport_fastrtps_cpp;rosidl_typesupport_introspection_cpp
[9.152s] -- Found nav_msgs: 5.3.6 (/opt/ros/jazzy/share/nav_msgs/cmake)
[9.309s] -- Found rosidl_default_generators: 1.6.0 (/opt/ros/jazzy/share/rosidl_default_generators/cmake)
[9.347s] -- Found rosidl_adapter: 4.6.6 (/opt/ros/jazzy/share/rosidl_adapter/cmake)
[9.358s] -- Found action_msgs: 2.0.3 (/opt/ros/jazzy/share/action_msgs/cmake)
[9.418s] -- Setting build type to Release as none was specified.
[11.446s] -- Found ament_cmake_ros: 0.12.0 (/opt/ros/jazzy/share/ament_cmake_ros/cmake)
[13.404s] -- Using all available rosidl_typesupport_c: rosidl_typesupport_fastrtps_c;rosidl_typesupport_introspection_c
[14.134s] -- Using all available rosidl_typesupport_cpp: rosidl_typesupport_fastrtps_cpp;rosidl_typesupport_introspection_cpp
[14.150s] -- Found python_cmake_module: 0.11.1 (/opt/ros/jazzy/share/python_cmake_module/cmake)
[14.448s] -- Found PythonExtra: /usr/bin/python3  
[15.373s] -- Found Python3: /usr/bin/python3 (found version "3.12.3") found components: Interpreter Development NumPy Development.Module Development.Embed 
[15.548s] -- Configuring done (15.2s)
[15.837s] -- Generating done (0.2s)
[15.878s] -- Build files have been written to: /home/karthik/ros2_ws/build/nav2_msgs
