[0.133s] Invoking command in '/home/karthik/ros2_ws/build/nav2_common': CMAKE_PREFIX_PATH=${CMAKE_PREFIX_PATH}:/opt/ros/jazzy /usr/bin/cmake /home/karthik/ros2_ws/src/navigation2/nav2_common -DAMENT_CMAKE_SYMLINK_INSTALL=1 -DCMAKE_INSTALL_PREFIX=/home/karthik/ros2_ws/install/nav2_common
[1.148s] -- Found ament_cmake_core: 2.5.4 (/opt/ros/jazzy/share/ament_cmake_core/cmake)
[1.149s] -- Found Python3: /usr/bin/python3 (found version "3.12.3") found components: Interpreter 
[1.150s] -- Override CMake install command with custom implementation using symlinks instead of copying resources
[1.150s] -- Found ament_cmake_python: 2.5.4 (/opt/ros/jazzy/share/ament_cmake_python/cmake)
[1.308s] -- Configuring done (1.1s)
[1.336s] -- Generating done (0.0s)
[1.340s] -- Build files have been written to: /home/karthik/ros2_ws/build/nav2_common
[1.585s] Invoked command in '/home/karthik/ros2_ws/build/nav2_common' returned '0': CMAKE_PREFIX_PATH=${CMAKE_PREFIX_PATH}:/opt/ros/jazzy /usr/bin/cmake /home/karthik/ros2_ws/src/navigation2/nav2_common -DAMENT_CMAKE_SYMLINK_INSTALL=1 -DCMAKE_INSTALL_PREFIX=/home/karthik/ros2_ws/install/nav2_common
[1.586s] Invoking command in '/home/karthik/ros2_ws/build/nav2_common': CMAKE_PREFIX_PATH=${CMAKE_PREFIX_PATH}:/opt/ros/jazzy /usr/bin/cmake --build /home/karthik/ros2_ws/build/nav2_common -- -j12 -l12
[1.793s] Built target ament_cmake_python_symlink_nav2_common
[2.269s] running egg_info
[2.275s] creating nav2_common.egg-info
[2.341s] writing nav2_common.egg-info/PKG-INFO
[2.342s] writing dependency_links to nav2_common.egg-info/dependency_links.txt
[2.343s] writing top-level names to nav2_common.egg-info/top_level.txt
[2.343s] writing manifest file 'nav2_common.egg-info/SOURCES.txt'
[2.456s] reading manifest file 'nav2_common.egg-info/SOURCES.txt'
[2.456s] writing manifest file 'nav2_common.egg-info/SOURCES.txt'
[2.535s] Built target ament_cmake_python_build_nav2_common_egg
[2.556s] Invoked command in '/home/karthik/ros2_ws/build/nav2_common' returned '0': CMAKE_PREFIX_PATH=${CMAKE_PREFIX_PATH}:/opt/ros/jazzy /usr/bin/cmake --build /home/karthik/ros2_ws/build/nav2_common -- -j12 -l12
[2.577s] Invoking command in '/home/karthik/ros2_ws/build/nav2_common': CMAKE_PREFIX_PATH=${CMAKE_PREFIX_PATH}:/opt/ros/jazzy /usr/bin/cmake --install /home/karthik/ros2_ws/build/nav2_common
[2.596s] -- Install configuration: ""
[2.597s] -- Execute custom install script
[2.598s] -- Symlinking: /home/karthik/ros2_ws/install/nav2_common/share/nav2_common/environment/pythonpath.sh
[2.633s] -- Symlinking: /home/karthik/ros2_ws/install/nav2_common/share/nav2_common/environment/pythonpath.dsv
[2.663s] -- Symlinking: /home/karthik/ros2_ws/install/nav2_common/lib/python3.12/site-packages/nav2_common-1.1.19-py3.12.egg-info/PKG-INFO
[2.703s] -- Symlinking: /home/karthik/ros2_ws/install/nav2_common/lib/python3.12/site-packages/nav2_common-1.1.19-py3.12.egg-info/SOURCES.txt
[2.732s] -- Symlinking: /home/karthik/ros2_ws/install/nav2_common/lib/python3.12/site-packages/nav2_common-1.1.19-py3.12.egg-info/dependency_links.txt
[2.762s] -- Symlinking: /home/karthik/ros2_ws/install/nav2_common/lib/python3.12/site-packages/nav2_common-1.1.19-py3.12.egg-info/top_level.txt
[2.780s] -- Symlinking: /home/karthik/ros2_ws/install/nav2_common/lib/python3.12/site-packages/nav2_common/__init__.py
[2.795s] -- Symlinking: /home/karthik/ros2_ws/install/nav2_common/lib/python3.12/site-packages/nav2_common/launch/__init__.py
[2.811s] -- Symlinking: /home/karthik/ros2_ws/install/nav2_common/lib/python3.12/site-packages/nav2_common/launch/has_node_params.py
[2.828s] -- Symlinking: /home/karthik/ros2_ws/install/nav2_common/lib/python3.12/site-packages/nav2_common/launch/parse_multirobot_pose.py
[2.845s] -- Symlinking: /home/karthik/ros2_ws/install/nav2_common/lib/python3.12/site-packages/nav2_common/launch/replace_string.py
[2.874s] -- Symlinking: /home/karthik/ros2_ws/install/nav2_common/lib/python3.12/site-packages/nav2_common/launch/rewritten_yaml.py
[2.908s] -- Symlinking: /home/karthik/ros2_ws/install/nav2_common/share/ament_index/resource_index/package_run_dependencies/nav2_common
[2.933s] -- Symlinking: /home/karthik/ros2_ws/install/nav2_common/share/ament_index/resource_index/parent_prefix_path/nav2_common
[2.951s] -- Symlinking: /home/karthik/ros2_ws/install/nav2_common/share/nav2_common/environment/ament_prefix_path.sh
[2.971s] -- Symlinking: /home/karthik/ros2_ws/install/nav2_common/share/nav2_common/environment/ament_prefix_path.dsv
[2.994s] -- Symlinking: /home/karthik/ros2_ws/install/nav2_common/share/nav2_common/environment/path.sh
[3.020s] -- Symlinking: /home/karthik/ros2_ws/install/nav2_common/share/nav2_common/environment/path.dsv
[3.040s] -- Symlinking: /home/karthik/ros2_ws/install/nav2_common/share/nav2_common/local_setup.bash
[3.057s] -- Symlinking: /home/karthik/ros2_ws/install/nav2_common/share/nav2_common/local_setup.sh
[3.073s] -- Symlinking: /home/karthik/ros2_ws/install/nav2_common/share/nav2_common/local_setup.zsh
[3.095s] -- Symlinking: /home/karthik/ros2_ws/install/nav2_common/share/nav2_common/local_setup.dsv
[3.136s] -- Symlinking: /home/karthik/ros2_ws/install/nav2_common/share/nav2_common/package.dsv
[3.161s] -- Symlinking: /home/karthik/ros2_ws/install/nav2_common/share/ament_index/resource_index/packages/nav2_common
[3.184s] -- Symlinking: /home/karthik/ros2_ws/install/nav2_common/share/nav2_common/cmake/nav2_common-extras.cmake
[3.226s] -- Symlinking: /home/karthik/ros2_ws/install/nav2_common/share/nav2_common/cmake/nav2_commonConfig.cmake
[3.257s] -- Symlinking: /home/karthik/ros2_ws/install/nav2_common/share/nav2_common/cmake/nav2_commonConfig-version.cmake
[3.276s] -- Symlinking: /home/karthik/ros2_ws/install/nav2_common/share/nav2_common/package.xml
[3.295s] -- Symlinking: /home/karthik/ros2_ws/install/nav2_common/share/nav2_common/cmake/nav2_package.cmake
[3.422s] Listing '/home/karthik/ros2_ws/install/nav2_common/lib/python3.12/site-packages/nav2_common'...
[3.422s] Compiling '/home/karthik/ros2_ws/install/nav2_common/lib/python3.12/site-packages/nav2_common/__init__.py'...
[3.422s] Listing '/home/karthik/ros2_ws/install/nav2_common/lib/python3.12/site-packages/nav2_common/launch'...
[3.422s] Compiling '/home/karthik/ros2_ws/install/nav2_common/lib/python3.12/site-packages/nav2_common/launch/__init__.py'...
[3.423s] Compiling '/home/karthik/ros2_ws/install/nav2_common/lib/python3.12/site-packages/nav2_common/launch/has_node_params.py'...
[3.423s] Compiling '/home/karthik/ros2_ws/install/nav2_common/lib/python3.12/site-packages/nav2_common/launch/parse_multirobot_pose.py'...
[3.423s] Compiling '/home/karthik/ros2_ws/install/nav2_common/lib/python3.12/site-packages/nav2_common/launch/replace_string.py'...
[3.423s] Compiling '/home/karthik/ros2_ws/install/nav2_common/lib/python3.12/site-packages/nav2_common/launch/rewritten_yaml.py'...
[3.442s] Invoked command in '/home/karthik/ros2_ws/build/nav2_common' returned '0': CMAKE_PREFIX_PATH=${CMAKE_PREFIX_PATH}:/opt/ros/jazzy /usr/bin/cmake --install /home/karthik/ros2_ws/build/nav2_common
