[0.541s] Invoking command in '/home/karthik/ros2_ws/build/turtlebot3_fake_node': CMAKE_PREFIX_PATH=${CMAKE_PREFIX_PATH}:/opt/ros/jazzy /usr/bin/cmake /home/karthik/ros2_ws/src/turtlebot3_simulations/turtlebot3_fake_node -DAMENT_CMAKE_SYMLINK_INSTALL=1 -DCMAKE_INSTALL_PREFIX=/home/karthik/ros2_ws/install/turtlebot3_fake_node
[1.098s] -- The C compiler identification is GNU 13.3.0
[3.311s] -- The CXX compiler identification is GNU 13.3.0
[5.292s] -- Detecting C compiler ABI info
[5.979s] -- Detecting C compiler ABI info - done
[5.997s] -- Check for working C compiler: /usr/bin/cc - skipped
[5.998s] -- Detecting C compile features
[6.001s] -- Detecting C compile features - done
[6.319s] -- Detecting CXX compiler ABI info
[7.251s] -- Detecting CXX compiler ABI info - done
[7.282s] -- Check for working CXX compiler: /usr/bin/c++ - skipped
[7.284s] -- Detecting CXX compile features
[7.285s] -- Detecting CXX compile features - done
[7.293s] -- Found ament_cmake: 2.5.4 (/opt/ros/jazzy/share/ament_cmake/cmake)
[7.677s] -- Found Python3: /usr/bin/python3 (found version "3.12.3") found components: Interpreter 
[7.887s] -- Override CMake install command with custom implementation using symlinks instead of copying resources
[8.001s] -- Found geometry_msgs: 5.3.6 (/opt/ros/jazzy/share/geometry_msgs/cmake)
[8.581s] -- Found rosidl_generator_c: 4.6.6 (/opt/ros/jazzy/share/rosidl_generator_c/cmake)
[8.630s] -- Found rosidl_generator_cpp: 4.6.6 (/opt/ros/jazzy/share/rosidl_generator_cpp/cmake)
[8.671s] -- Using all available rosidl_typesupport_c: rosidl_typesupport_fastrtps_c;rosidl_typesupport_introspection_c
[8.728s] -- Using all available rosidl_typesupport_cpp: rosidl_typesupport_fastrtps_cpp;rosidl_typesupport_introspection_cpp
[8.851s] -- Found nav_msgs: 5.3.6 (/opt/ros/jazzy/share/nav_msgs/cmake)
[8.959s] -- Found rclcpp: 28.1.12 (/opt/ros/jazzy/share/rclcpp/cmake)
[9.075s] -- Found rmw_implementation_cmake: 7.3.2 (/opt/ros/jazzy/share/rmw_implementation_cmake/cmake)
[9.081s] -- Found rmw_fastrtps_cpp: 8.4.3 (/opt/ros/jazzy/share/rmw_fastrtps_cpp/cmake)
[9.358s] -- Found OpenSSL: /usr/lib/x86_64-linux-gnu/libcrypto.so (found version "3.0.13")  
[9.996s] -- Found FastRTPS: /opt/ros/jazzy/include (Required is at least version "2.13") 
[10.265s] -- Using RMW implementation 'rmw_fastrtps_cpp' as default
[10.903s] -- Found sensor_msgs: 5.3.6 (/opt/ros/jazzy/share/sensor_msgs/cmake)
[11.004s] -- Found tf2: 0.36.14 (/opt/ros/jazzy/share/tf2/cmake)
[11.039s] -- Found tf2_msgs: 0.36.14 (/opt/ros/jazzy/share/tf2_msgs/cmake)
[11.283s] -- Found turtlebot3_msgs: 2.4.0 (/opt/ros/jazzy/share/turtlebot3_msgs/cmake)
[11.595s] -- Configuring done (11.0s)
[11.660s] -- Generating done (0.0s)
[11.672s] -- Build files have been written to: /home/karthik/ros2_ws/build/turtlebot3_fake_node
[11.725s] Invoked command in '/home/karthik/ros2_ws/build/turtlebot3_fake_node' returned '0': CMAKE_PREFIX_PATH=${CMAKE_PREFIX_PATH}:/opt/ros/jazzy /usr/bin/cmake /home/karthik/ros2_ws/src/turtlebot3_simulations/turtlebot3_fake_node -DAMENT_CMAKE_SYMLINK_INSTALL=1 -DCMAKE_INSTALL_PREFIX=/home/karthik/ros2_ws/install/turtlebot3_fake_node
[11.727s] Invoking command in '/home/karthik/ros2_ws/build/turtlebot3_fake_node': CMAKE_PREFIX_PATH=${CMAKE_PREFIX_PATH}:/opt/ros/jazzy /usr/bin/cmake --build /home/karthik/ros2_ws/build/turtlebot3_fake_node -- -j12 -l12
[11.901s] [ 50%] [32mBuilding CXX object CMakeFiles/turtlebot3_fake_node.dir/src/turtlebot3_fake_node.cpp.o[0m
[31.352s] [100%] [32m[1mLinking CXX executable turtlebot3_fake_node[0m
[32.526s] [100%] Built target turtlebot3_fake_node
